<?xml version="1.0" encoding="UTF-8"?>
<!-- Generated by org.testng.reporters.JUnitXMLReporter -->
<testsuite ignored="0" hostname="MSI-Modern-A5M" failures="1" tests="12" name="TestCases" time="35.399" errors="0" timestamp="2023-03-04T20:52:30 BDT">
  <testcase classname="testcases.FunctionalTestCases" name="loginTest" time="1.722"/>
  <testcase classname="testcases.FunctionalTestCases" name="loginButtonTest" time="2.848"/>
  <testcase classname="testcases.FunctionalTestCases" name="emailCheckWithSpecialCharacters" time="4.285"/>
  <testcase classname="testcases.FunctionalTestCases" name="noMailPass" time="3.081"/>
  <testcase classname="testcases.FunctionalTestCases" name="noPass" time="3.12"/>
  <testcase classname="testcases.FunctionalTestCases" name="rightMailPass" time="3.427"/>
  <testcase classname="testcases.FunctionalTestCases" name="lekhokBtnCheck" time="1.271"/>
  <testcase classname="testcases.FunctionalTestCases" name="ainunNishatButtonCheck" time="1.002"/>
  <testcase classname="testcases.FunctionalTestCases" name="clickAbookFromList" time="1.935"/>
  <testcase classname="testcases.FunctionalTestCases" name="orderButtonCheck" time="2.002"/>
  <testcase classname="testcases.FunctionalTestCases" name="checkoutBottonClickable" time="3.811"/>
  <testcase classname="testcases.FunctionalTestCases" name="confirmOrderWithAllEmptyField" time="6.724">
    <failure type="org.openqa.selenium.StaleElementReferenceException" message="stale element reference: element is not attached to the page document
  (Session info: chrome=110.0.5481.178)
For documentation on this error, please visit: https://selenium.dev/exceptions/#stale_element_reference
Build info: version: &amp;apos;4.7.2&amp;apos;, revision: &amp;apos;4d4020c3b7&amp;apos;
System info: os.name: &amp;apos;Windows 11&amp;apos;, os.arch: &amp;apos;amd64&amp;apos;, os.version: &amp;apos;10.0&amp;apos;, java.version: &amp;apos;17.0.5&amp;apos;
Driver info: org.openqa.selenium.chrome.ChromeDriver
Command: [419c7f114c487abce438d78d930f16f7, clickElement {id=14128dcd-a0d2-4e11-9195-4cb14edc782d}]
Capabilities {acceptInsecureCerts: false, browserName: chrome, browserVersion: 110.0.5481.178, chrome: {chromedriverVersion: 110.0.5481.77 (65ed616c6e8e..., userDataDir: C:\Users\MSI\AppData\Local\...}, goog:chromeOptions: {debuggerAddress: localhost:52028}, networkConnectionEnabled: false, pageLoadStrategy: normal, platformName: WINDOWS, proxy: Proxy(), se:cdp: ws://localhost:52028/devtoo..., se:cdpVersion: 110.0.5481.178, setWindowRect: true, strictFileInteractability: false, timeouts: {implicit: 0, pageLoad: 300000, script: 30000}, unhandledPromptBehavior: dismiss and notify, webauthn:extension:credBlob: true, webauthn:extension:largeBlob: true, webauthn:virtualAuthenticators: true}
Element: [[ChromeDriver: chrome on WINDOWS (419c7f114c487abce438d78d930f16f7)] -&amp;gt; xpath: //button[@id=&amp;apos;place_order&amp;apos;]]
Session ID: 419c7f114c487abce438d78d930f16f7">
      <![CDATA[org.openqa.selenium.StaleElementReferenceException: stale element reference: element is not attached to the page document
  (Session info: chrome=110.0.5481.178)
For documentation on this error, please visit: https://selenium.dev/exceptions/#stale_element_reference
Build info: version: '4.7.2', revision: '4d4020c3b7'
System info: os.name: 'Windows 11', os.arch: 'amd64', os.version: '10.0', java.version: '17.0.5'
Driver info: org.openqa.selenium.chrome.ChromeDriver
Command: [419c7f114c487abce438d78d930f16f7, clickElement {id=14128dcd-a0d2-4e11-9195-4cb14edc782d}]
Capabilities {acceptInsecureCerts: false, browserName: chrome, browserVersion: 110.0.5481.178, chrome: {chromedriverVersion: 110.0.5481.77 (65ed616c6e8e..., userDataDir: C:\Users\MSI\AppData\Local\...}, goog:chromeOptions: {debuggerAddress: localhost:52028}, networkConnectionEnabled: false, pageLoadStrategy: normal, platformName: WINDOWS, proxy: Proxy(), se:cdp: ws://localhost:52028/devtoo..., se:cdpVersion: 110.0.5481.178, setWindowRect: true, strictFileInteractability: false, timeouts: {implicit: 0, pageLoad: 300000, script: 30000}, unhandledPromptBehavior: dismiss and notify, webauthn:extension:credBlob: true, webauthn:extension:largeBlob: true, webauthn:virtualAuthenticators: true}
Element: [[ChromeDriver: chrome on WINDOWS (419c7f114c487abce438d78d930f16f7)] -> xpath: //button[@id='place_order']]
Session ID: 419c7f114c487abce438d78d930f16f7
at org.openqa.selenium.remote.codec.w3c.W3CHttpResponseCodec.createException(W3CHttpResponseCodec.java:200)
at org.openqa.selenium.remote.codec.w3c.W3CHttpResponseCodec.decode(W3CHttpResponseCodec.java:133)
at org.openqa.selenium.remote.codec.w3c.W3CHttpResponseCodec.decode(W3CHttpResponseCodec.java:53)
at org.openqa.selenium.remote.HttpCommandExecutor.execute(HttpCommandExecutor.java:184)
at org.openqa.selenium.remote.service.DriverCommandExecutor.invokeExecute(DriverCommandExecutor.java:167)
at org.openqa.selenium.remote.service.DriverCommandExecutor.execute(DriverCommandExecutor.java:142)
at org.openqa.selenium.remote.RemoteWebDriver.execute(RemoteWebDriver.java:535)
at org.openqa.selenium.remote.RemoteWebElement.execute(RemoteWebElement.java:257)
at org.openqa.selenium.remote.RemoteWebElement.click(RemoteWebElement.java:78)
at testcases.FunctionalTestCases.confirmOrderWithAllEmptyField(FunctionalTestCases.java:172)
at java.base/java.util.ArrayList.forEach(ArrayList.java:1511)
... Removed 32 stack frames]]>
    </failure>
  </testcase> <!-- confirmOrderWithAllEmptyField -->
</testsuite> <!-- TestCases -->
