<?xml version="1.0" encoding="UTF-8"?>
<!-- Generated by org.testng.reporters.JUnitXMLReporter -->
<testsuite ignored="0" hostname="MSI-Modern-A5M" failures="1" tests="12" name="Test" time="37.693" errors="0" timestamp="2023-03-04T21:00:07 BDT">
  <testcase classname="testcases.FunctionalTestCases" name="loginTest" time="2.048"/>
  <testcase classname="testcases.FunctionalTestCases" name="loginButtonTest" time="2.425"/>
  <testcase classname="testcases.FunctionalTestCases" name="emailCheckWithSpecialCharacters" time="3.558"/>
  <testcase classname="testcases.FunctionalTestCases" name="noMailPass" time="2.882"/>
  <testcase classname="testcases.FunctionalTestCases" name="noPass" time="2.545"/>
  <testcase classname="testcases.FunctionalTestCases" name="rightMailPass" time="3.291"/>
  <testcase classname="testcases.FunctionalTestCases" name="lekhokBtnCheck" time="1.27"/>
  <testcase classname="testcases.FunctionalTestCases" name="ainunNishatButtonCheck" time="0.752"/>
  <testcase classname="testcases.FunctionalTestCases" name="clickAbookFromList" time="1.718"/>
  <testcase classname="testcases.FunctionalTestCases" name="orderButtonCheck" time="2.342"/>
  <testcase classname="testcases.FunctionalTestCases" name="checkoutBottonClickable" time="5.412"/>
  <testcase classname="testcases.FunctionalTestCases" name="confirmOrderWithAllEmptyField" time="9.266">
    <failure type="org.openqa.selenium.ElementClickInterceptedException" message="element click intercepted: Element &amp;lt;button type=&amp;quot;submit&amp;quot; class=&amp;quot;button alt&amp;quot; name=&amp;quot;woocommerce_checkout_place_order&amp;quot; id=&amp;quot;place_order&amp;quot; data-value=&amp;quot;...&amp;quot;&amp;gt;অর্ডার সম্পন্ন করুন&amp;lt;/button&amp;gt; is not clickable at point (984, 152). Other element would receive the click: &amp;lt;div class=&amp;quot;blockUI blockOverlay&amp;quot; style=&amp;quot;z-index: 1000; border: none; margin: 0px; padding: 0px; width: 100%; height: 100%; top: 0px; left: 0px; background: rgb(255, 255, 255); opacity: 0.6; cursor: default; position: absolute;&amp;quot;&amp;gt;&amp;lt;/div&amp;gt;
  (Session info: chrome=110.0.5481.178)
Build info: version: &amp;apos;4.7.2&amp;apos;, revision: &amp;apos;4d4020c3b7&amp;apos;
System info: os.name: &amp;apos;Windows 11&amp;apos;, os.arch: &amp;apos;amd64&amp;apos;, os.version: &amp;apos;10.0&amp;apos;, java.version: &amp;apos;17.0.5&amp;apos;
Driver info: org.openqa.selenium.chrome.ChromeDriver
Command: [d419d9bc990c2f43ddb6f203e8d8a368, clickElement {id=26c85f9f-2773-482e-8aa0-54fa8b2c6f55}]
Capabilities {acceptInsecureCerts: false, browserName: chrome, browserVersion: 110.0.5481.178, chrome: {chromedriverVersion: 110.0.5481.77 (65ed616c6e8e..., userDataDir: C:\Users\MSI\AppData\Local\...}, goog:chromeOptions: {debuggerAddress: localhost:52102}, networkConnectionEnabled: false, pageLoadStrategy: normal, platformName: WINDOWS, proxy: Proxy(), se:cdp: ws://localhost:52102/devtoo..., se:cdpVersion: 110.0.5481.178, setWindowRect: true, strictFileInteractability: false, timeouts: {implicit: 0, pageLoad: 300000, script: 30000}, unhandledPromptBehavior: dismiss and notify, webauthn:extension:credBlob: true, webauthn:extension:largeBlob: true, webauthn:virtualAuthenticators: true}
Element: [[ChromeDriver: chrome on WINDOWS (d419d9bc990c2f43ddb6f203e8d8a368)] -&amp;gt; xpath: //button[@id=&amp;apos;place_order&amp;apos;]]
Session ID: d419d9bc990c2f43ddb6f203e8d8a368">
      <![CDATA[org.openqa.selenium.ElementClickInterceptedException: element click intercepted: Element <button type="submit" class="button alt" name="woocommerce_checkout_place_order" id="place_order" data-value="...">অর্ডার সম্পন্ন করুন</button> is not clickable at point (984, 152). Other element would receive the click: <div class="blockUI blockOverlay" style="z-index: 1000; border: none; margin: 0px; padding: 0px; width: 100%; height: 100%; top: 0px; left: 0px; background: rgb(255, 255, 255); opacity: 0.6; cursor: default; position: absolute;"></div>
  (Session info: chrome=110.0.5481.178)
Build info: version: '4.7.2', revision: '4d4020c3b7'
System info: os.name: 'Windows 11', os.arch: 'amd64', os.version: '10.0', java.version: '17.0.5'
Driver info: org.openqa.selenium.chrome.ChromeDriver
Command: [d419d9bc990c2f43ddb6f203e8d8a368, clickElement {id=26c85f9f-2773-482e-8aa0-54fa8b2c6f55}]
Capabilities {acceptInsecureCerts: false, browserName: chrome, browserVersion: 110.0.5481.178, chrome: {chromedriverVersion: 110.0.5481.77 (65ed616c6e8e..., userDataDir: C:\Users\MSI\AppData\Local\...}, goog:chromeOptions: {debuggerAddress: localhost:52102}, networkConnectionEnabled: false, pageLoadStrategy: normal, platformName: WINDOWS, proxy: Proxy(), se:cdp: ws://localhost:52102/devtoo..., se:cdpVersion: 110.0.5481.178, setWindowRect: true, strictFileInteractability: false, timeouts: {implicit: 0, pageLoad: 300000, script: 30000}, unhandledPromptBehavior: dismiss and notify, webauthn:extension:credBlob: true, webauthn:extension:largeBlob: true, webauthn:virtualAuthenticators: true}
Element: [[ChromeDriver: chrome on WINDOWS (d419d9bc990c2f43ddb6f203e8d8a368)] -> xpath: //button[@id='place_order']]
Session ID: d419d9bc990c2f43ddb6f203e8d8a368
at org.openqa.selenium.remote.codec.w3c.W3CHttpResponseCodec.createException(W3CHttpResponseCodec.java:200)
at org.openqa.selenium.remote.codec.w3c.W3CHttpResponseCodec.decode(W3CHttpResponseCodec.java:133)
at org.openqa.selenium.remote.codec.w3c.W3CHttpResponseCodec.decode(W3CHttpResponseCodec.java:53)
at org.openqa.selenium.remote.HttpCommandExecutor.execute(HttpCommandExecutor.java:184)
at org.openqa.selenium.remote.service.DriverCommandExecutor.invokeExecute(DriverCommandExecutor.java:167)
at org.openqa.selenium.remote.service.DriverCommandExecutor.execute(DriverCommandExecutor.java:142)
at org.openqa.selenium.remote.RemoteWebDriver.execute(RemoteWebDriver.java:535)
at org.openqa.selenium.remote.RemoteWebElement.execute(RemoteWebElement.java:257)
at org.openqa.selenium.remote.RemoteWebElement.click(RemoteWebElement.java:78)
at testcases.FunctionalTestCases.confirmOrderWithAllEmptyField(FunctionalTestCases.java:172)
at java.base/java.util.ArrayList.forEach(ArrayList.java:1511)
... Removed 32 stack frames]]>
    </failure>
  </testcase> <!-- confirmOrderWithAllEmptyField -->
</testsuite> <!-- Test -->
